<?xml version="1.0" encoding="UTF-8"?>
<testng-results ignored="0" total="2" passed="2" failed="0" skipped="0">
  <reporter-output>
  </reporter-output>
  <suite started-at="2023-07-13T22:20:18 IST" name="PetSuite" finished-at="2023-07-13T22:20:22 IST" duration-ms="3823">
    <groups>
    </groups>
    <test started-at="2023-07-13T22:20:18 IST" name="PetTest" finished-at="2023-07-13T22:20:22 IST" duration-ms="3823">
      <class name="api.test.UserTests">
        <test-method is-config="true" signature="setupData()[pri:0, instance:api.test.UserTests@77fbd92c]" started-at="2023-07-13T22:20:18 IST" name="setupData" finished-at="2023-07-13T22:20:19 IST" duration-ms="319" status="PASS">
          <reporter-output>
          </reporter-output>
        </test-method> <!-- setupData -->
        <test-method signature="testPostUser()[pri:1, instance:api.test.UserTests@77fbd92c]" started-at="2023-07-13T22:20:19 IST" name="testPostUser" finished-at="2023-07-13T22:20:22 IST" duration-ms="2869" status="PASS">
          <reporter-output>
          </reporter-output>
        </test-method> <!-- testPostUser -->
        <test-method signature="testGetUser()[pri:2, instance:api.test.UserTests@77fbd92c]" started-at="2023-07-13T22:20:22 IST" name="testGetUser" finished-at="2023-07-13T22:20:22 IST" duration-ms="235" status="PASS">
          <reporter-output>
          </reporter-output>
        </test-method> <!-- testGetUser -->
      </class> <!-- api.test.UserTests -->
    </test> <!-- PetTest -->
  </suite> <!-- PetSuite -->
</testng-results>
