<?xml version="1.0" encoding="UTF-8"?>
<!-- Generated by org.testng.reporters.JUnitXMLReporter -->
<testsuite ignored="0" hostname="hugovm13" failures="2" tests="4" name="PetTest" time="3.761" errors="0" timestamp="2023-07-10T21:22:47 IST">
  <testcase classname="api.test.UserTests" name="testPostUser" time="2.771"/>
  <testcase classname="api.test.UserTests" name="testGetUser" time="0.233"/>
  <testcase classname="api.test.UserTests2" name="testPostUser" time="0.008">
    <failure type="java.util.MissingResourceException" message="Can&amp;apos;t find bundle for base name routes.properties, locale en_US">
      <![CDATA[java.util.MissingResourceException: Can't find bundle for base name routes.properties, locale en_US
at java.base/java.util.ResourceBundle.throwMissingResourceException(ResourceBundle.java:2062)
at java.base/java.util.ResourceBundle.getBundleImpl(ResourceBundle.java:1700)
at java.base/java.util.ResourceBundle.getBundleImpl(ResourceBundle.java:1603)
at java.base/java.util.ResourceBundle.getBundleImpl(ResourceBundle.java:1558)
at java.base/java.util.ResourceBundle.getBundle(ResourceBundle.java:864)
at api.endpoints.UserEndPoints2.getURL(UserEndPoints2.java:15)
at api.endpoints.UserEndPoints2.createUser(UserEndPoints2.java:23)
at api.test.UserTests2.testPostUser(UserTests2.java:35)
at java.base/java.util.ArrayList.forEach(ArrayList.java:1511)
... Removed 25 stack frames]]>
    </failure>
  </testcase> <!-- testPostUser -->
  <testcase classname="api.test.UserTests2" name="testGetUser" time="0.003">
    <failure type="java.util.MissingResourceException" message="Can&amp;apos;t find bundle for base name routes.properties, locale en_US">
      <![CDATA[java.util.MissingResourceException: Can't find bundle for base name routes.properties, locale en_US
at java.base/java.util.ResourceBundle.throwMissingResourceException(ResourceBundle.java:2062)
at java.base/java.util.ResourceBundle.getBundleImpl(ResourceBundle.java:1700)
at java.base/java.util.ResourceBundle.getBundleImpl(ResourceBundle.java:1603)
at java.base/java.util.ResourceBundle.getBundleImpl(ResourceBundle.java:1558)
at java.base/java.util.ResourceBundle.getBundle(ResourceBundle.java:864)
at api.endpoints.UserEndPoints2.getURL(UserEndPoints2.java:15)
at api.endpoints.UserEndPoints2.readUser(UserEndPoints2.java:34)
at api.test.UserTests2.testGetUser(UserTests2.java:43)
at java.base/java.util.ArrayList.forEach(ArrayList.java:1511)
... Removed 25 stack frames]]>
    </failure>
  </testcase> <!-- testGetUser -->
</testsuite> <!-- PetTest -->
